{"uuid":"64e89249-6e72-4834-aaac-3712f482039a","historyId":"80e8fbdf48b0eebf3403204fd4c880c4","fullName":"Test Registration Page: check registration functionality","labels":[{"name":"tag","value":"A"},{"name":"host","value":"Pandya"},{"name":"thread","value":"18660@Pandya.main(1)"},{"name":"feature","value":"Test Registration Page"},{"name":"story","value":"check registration functionality"},{"name":"suite","value":"Test Registration Page"},{"name":"testClass","value":"check registration functionality"},{"name":"framework","value":"cucumber5jvm"},{"name":"language","value":"java"},{"name":"gherkin_uri","value":"file:///C:/Users/joshi/eclipse-workspace-vaish/DSAlgo/src/test/resources/features/registration.feature"},{"name":"package","value":"src.test.resources.features.registration_feature.Test Registration Page"}],"links":[],"name":"check registration functionality","status":"failed","statusDetails":{"known":false,"muted":false,"flaky":false,"message":"The following asserts failed:\n\texpected [true] but found [false]","trace":"java.lang.AssertionError: The following asserts failed:\n\texpected [true] but found [false]\r\n\tat org.testng.asserts.SoftAssert.assertAll(SoftAssert.java:46)\r\n\tat org.testng.asserts.SoftAssert.assertAll(SoftAssert.java:30)\r\n\tat stepDefinations.RegistrationSD.if_registration_is_sucessful_user_should_be_redirected_to_homepage_or_error_message_should_be_display(RegistrationSD.java:103)\r\n\tat ✽.if registration is sucessful user should be redirected to homepage or error message should be display(file:///C:/Users/joshi/eclipse-workspace-vaish/DSAlgo/src/test/resources/features/registration.feature:12)\r\n"},"stage":"finished","steps":[{"name":"Given  user is on landing page","status":"passed","statusDetails":{"known":false,"muted":false,"flaky":false},"stage":"finished","steps":[],"attachments":[],"parameters":[],"start":1669589143312,"stop":1669589144616},{"name":"When  user clicks on get Started button","status":"passed","statusDetails":{"known":false,"muted":false,"flaky":false},"stage":"finished","steps":[],"attachments":[],"parameters":[],"start":1669589144618,"stop":1669589145169},{"name":"Then  user should be navigated to home page","status":"passed","statusDetails":{"known":false,"muted":false,"flaky":false},"stage":"finished","steps":[],"attachments":[],"parameters":[],"start":1669589145169,"stop":1669589145177},{"name":"And  user clicks on registration link","status":"passed","statusDetails":{"known":false,"muted":false,"flaky":false},"stage":"finished","steps":[],"attachments":[],"parameters":[],"start":1669589145178,"stop":1669589145445},{"name":"Then  user should be landed on registration page","status":"passed","statusDetails":{"known":false,"muted":false,"flaky":false},"stage":"finished","steps":[],"attachments":[],"parameters":[],"start":1669589145449,"stop":1669589145460},{"name":"And  user  enters  hjk6789 erteerter and kk12kk12","status":"passed","statusDetails":{"known":false,"muted":false,"flaky":false},"stage":"finished","steps":[],"attachments":[],"parameters":[],"start":1669589145460,"stop":1669589145673},{"name":"And  click on register button","status":"passed","statusDetails":{"known":false,"muted":false,"flaky":false},"stage":"finished","steps":[],"attachments":[],"parameters":[],"start":1669589145673,"stop":1669589145864},{"name":"Then  if registration is sucessful user should be redirected to homepage or error message should be display","status":"failed","statusDetails":{"known":false,"muted":false,"flaky":false,"message":"The following asserts failed:\n\texpected [true] but found [false]","trace":"java.lang.AssertionError: The following asserts failed:\n\texpected [true] but found [false]\r\n\tat org.testng.asserts.SoftAssert.assertAll(SoftAssert.java:46)\r\n\tat org.testng.asserts.SoftAssert.assertAll(SoftAssert.java:30)\r\n\tat stepDefinations.RegistrationSD.if_registration_is_sucessful_user_should_be_redirected_to_homepage_or_error_message_should_be_display(RegistrationSD.java:103)\r\n\tat ✽.if registration is sucessful user should be redirected to homepage or error message should be display(file:///C:/Users/joshi/eclipse-workspace-vaish/DSAlgo/src/test/resources/features/registration.feature:12)\r\n"},"stage":"finished","steps":[],"attachments":[],"parameters":[],"start":1669589145865,"stop":1669589145899}],"attachments":[],"parameters":[{"name":"username","value":"hjk6789"},{"name":"password","value":"erteerter"},{"name":"passwordConfm","value":"kk12kk12"}],"start":1669589143304,"stop":1669589145900}