{"uuid":"7444f529-d1e4-434f-a4a3-a76b7d8c4bba","historyId":"7115696ad5629182895bf253954aa9db","fullName":"Test login Page with dropdown on home page: check Login","labels":[{"name":"tag","value":"B"},{"name":"host","value":"Pandya"},{"name":"thread","value":"18660@Pandya.main(1)"},{"name":"feature","value":"Test login Page with dropdown on home page"},{"name":"story","value":"check Login"},{"name":"suite","value":"Test login Page with dropdown on home page"},{"name":"testClass","value":"check Login"},{"name":"framework","value":"cucumber5jvm"},{"name":"language","value":"java"},{"name":"gherkin_uri","value":"file:///C:/Users/joshi/eclipse-workspace-vaish/DSAlgo/src/test/resources/features/Login.feature"},{"name":"package","value":"src.test.resources.features.Login_feature.Test login Page with dropdown on home page"}],"links":[],"name":"check Login","status":"failed","statusDetails":{"known":false,"muted":false,"flaky":false,"message":"The following asserts failed:\n\texpected [You are logged in] but found [Invalid Username and Password]","trace":"java.lang.AssertionError: The following asserts failed:\n\texpected [You are logged in] but found [Invalid Username and Password]\r\n\tat org.testng.asserts.SoftAssert.assertAll(SoftAssert.java:46)\r\n\tat org.testng.asserts.SoftAssert.assertAll(SoftAssert.java:30)\r\n\tat pages.LoginPage.LoginValidationMsg(LoginPage.java:62)\r\n\tat stepDefinations.LoginSD.if_login_is_sucessful_user_should_be_redirected_to_homepage_or_error_message_should_display(LoginSD.java:78)\r\n\tat ✽.if login is sucessful user should be redirected to homepage or error message should display(file:///C:/Users/joshi/eclipse-workspace-vaish/DSAlgo/src/test/resources/features/Login.feature:23)\r\n"},"stage":"finished","steps":[{"name":"Given  user is on landing page","status":"passed","statusDetails":{"known":false,"muted":false,"flaky":false},"stage":"finished","steps":[],"attachments":[],"parameters":[],"start":1669589137616,"stop":1669589139072},{"name":"When  user clicks on get Started button","status":"passed","statusDetails":{"known":false,"muted":false,"flaky":false},"stage":"finished","steps":[],"attachments":[],"parameters":[],"start":1669589139072,"stop":1669589139513},{"name":"Then  user should be navigated to home page","status":"passed","statusDetails":{"known":false,"muted":false,"flaky":false},"stage":"finished","steps":[],"attachments":[],"parameters":[],"start":1669589139514,"stop":1669589139523},{"name":"Given  user should be navigated to home page","status":"passed","statusDetails":{"known":false,"muted":false,"flaky":false},"stage":"finished","steps":[],"attachments":[],"parameters":[],"start":1669589139523,"stop":1669589139532},{"name":"When  user clicks on sign In link","status":"passed","statusDetails":{"known":false,"muted":false,"flaky":false},"stage":"finished","steps":[],"attachments":[],"parameters":[],"start":1669589139533,"stop":1669589139786},{"name":"Then  user should be landed on login page","status":"passed","statusDetails":{"known":false,"muted":false,"flaky":false},"stage":"finished","steps":[],"attachments":[],"parameters":[],"start":1669589139786,"stop":1669589139794},{"name":"And  user enters gfteuryt and ddfsasda","status":"passed","statusDetails":{"known":false,"muted":false,"flaky":false},"stage":"finished","steps":[],"attachments":[],"parameters":[],"start":1669589139794,"stop":1669589139929},{"name":"And  click on login","status":"passed","statusDetails":{"known":false,"muted":false,"flaky":false},"stage":"finished","steps":[],"attachments":[],"parameters":[],"start":1669589139929,"stop":1669589140364},{"name":"Then  if login is sucessful user should be redirected to homepage or error message should display","status":"failed","statusDetails":{"known":false,"muted":false,"flaky":false,"message":"The following asserts failed:\n\texpected [You are logged in] but found [Invalid Username and Password]","trace":"java.lang.AssertionError: The following asserts failed:\n\texpected [You are logged in] but found [Invalid Username and Password]\r\n\tat org.testng.asserts.SoftAssert.assertAll(SoftAssert.java:46)\r\n\tat org.testng.asserts.SoftAssert.assertAll(SoftAssert.java:30)\r\n\tat pages.LoginPage.LoginValidationMsg(LoginPage.java:62)\r\n\tat stepDefinations.LoginSD.if_login_is_sucessful_user_should_be_redirected_to_homepage_or_error_message_should_display(LoginSD.java:78)\r\n\tat ✽.if login is sucessful user should be redirected to homepage or error message should display(file:///C:/Users/joshi/eclipse-workspace-vaish/DSAlgo/src/test/resources/features/Login.feature:23)\r\n"},"stage":"finished","steps":[],"attachments":[],"parameters":[],"start":1669589140365,"stop":1669589140421}],"attachments":[],"parameters":[{"name":"username","value":"gfteuryt"},{"name":"Password","value":"ddfsasda"}],"start":1669589137611,"stop":1669589140432}