{"uuid":"fcdcde25-d457-45a5-8602-ad0419041f78","historyId":"1f8b0aaca182704344e98ec7ccf5e030","fullName":"Test Registration Page: check registration functionality","labels":[{"name":"tag","value":"A"},{"name":"host","value":"Pandya"},{"name":"thread","value":"18660@Pandya.main(1)"},{"name":"feature","value":"Test Registration Page"},{"name":"story","value":"check registration functionality"},{"name":"suite","value":"Test Registration Page"},{"name":"testClass","value":"check registration functionality"},{"name":"framework","value":"cucumber5jvm"},{"name":"language","value":"java"},{"name":"gherkin_uri","value":"file:///C:/Users/joshi/eclipse-workspace-vaish/DSAlgo/src/test/resources/features/registration.feature"},{"name":"package","value":"src.test.resources.features.registration_feature.Test Registration Page"}],"links":[],"name":"check registration functionality","status":"failed","statusDetails":{"known":false,"muted":false,"flaky":false,"message":"The following asserts failed:\n\texpected [true] but found [false]","trace":"java.lang.AssertionError: The following asserts failed:\n\texpected [true] but found [false]\r\n\tat org.testng.asserts.SoftAssert.assertAll(SoftAssert.java:46)\r\n\tat org.testng.asserts.SoftAssert.assertAll(SoftAssert.java:30)\r\n\tat stepDefinations.RegistrationSD.if_registration_is_sucessful_user_should_be_redirected_to_homepage_or_error_message_should_be_display(RegistrationSD.java:103)\r\n\tat ✽.if registration is sucessful user should be redirected to homepage or error message should be display(file:///C:/Users/joshi/eclipse-workspace-vaish/DSAlgo/src/test/resources/features/registration.feature:12)\r\n"},"stage":"finished","steps":[{"name":"Given  user is on landing page","status":"passed","statusDetails":{"known":false,"muted":false,"flaky":false},"stage":"finished","steps":[],"attachments":[],"parameters":[],"start":1669589145918,"stop":1669589147208},{"name":"When  user clicks on get Started button","status":"passed","statusDetails":{"known":false,"muted":false,"flaky":false},"stage":"finished","steps":[],"attachments":[],"parameters":[],"start":1669589147208,"stop":1669589147646},{"name":"Then  user should be navigated to home page","status":"passed","statusDetails":{"known":false,"muted":false,"flaky":false},"stage":"finished","steps":[],"attachments":[],"parameters":[],"start":1669589147646,"stop":1669589147654},{"name":"And  user clicks on registration link","status":"passed","statusDetails":{"known":false,"muted":false,"flaky":false},"stage":"finished","steps":[],"attachments":[],"parameters":[],"start":1669589147655,"stop":1669589148009},{"name":"Then  user should be landed on registration page","status":"passed","statusDetails":{"known":false,"muted":false,"flaky":false},"stage":"finished","steps":[],"attachments":[],"parameters":[],"start":1669589148009,"stop":1669589148019},{"name":"And  user  enters  tl7ukl5 kk12kk12 and kk12kk12","status":"passed","statusDetails":{"known":false,"muted":false,"flaky":false},"stage":"finished","steps":[],"attachments":[],"parameters":[],"start":1669589148019,"stop":1669589148250},{"name":"And  click on register button","status":"passed","statusDetails":{"known":false,"muted":false,"flaky":false},"stage":"finished","steps":[],"attachments":[],"parameters":[],"start":1669589148251,"stop":1669589148429},{"name":"Then  if registration is sucessful user should be redirected to homepage or error message should be display","status":"failed","statusDetails":{"known":false,"muted":false,"flaky":false,"message":"The following asserts failed:\n\texpected [true] but found [false]","trace":"java.lang.AssertionError: The following asserts failed:\n\texpected [true] but found [false]\r\n\tat org.testng.asserts.SoftAssert.assertAll(SoftAssert.java:46)\r\n\tat org.testng.asserts.SoftAssert.assertAll(SoftAssert.java:30)\r\n\tat stepDefinations.RegistrationSD.if_registration_is_sucessful_user_should_be_redirected_to_homepage_or_error_message_should_be_display(RegistrationSD.java:103)\r\n\tat ✽.if registration is sucessful user should be redirected to homepage or error message should be display(file:///C:/Users/joshi/eclipse-workspace-vaish/DSAlgo/src/test/resources/features/registration.feature:12)\r\n"},"stage":"finished","steps":[],"attachments":[],"parameters":[],"start":1669589148430,"stop":1669589148469}],"attachments":[],"parameters":[{"name":"username","value":"tl7ukl5"},{"name":"password","value":"kk12kk12"},{"name":"passwordConfm","value":"kk12kk12"}],"start":1669589145917,"stop":1669589148470}